[2025-09-27 20:02:41] WARNING: Login admin gagal {"username":"admin1234","ip":"::1"}
[2025-09-27 20:02:54] INFO: Login admin berhasil {"user_id":1}
[2025-09-27 20:59:33] WARNING: Login admin gagal {"username":"admin","ip":"::1"}
[2025-09-27 20:59:56] INFO: Login admin berhasil {"user_id":1}
[2025-09-27 22:23:20] INFO: Login berhasil {"user_id":2,"role":"pengurus"}
[2025-09-27 22:27:56] INFO: Login berhasil {"user_id":2,"role":"pengurus"}
[2025-09-28 07:25:50] INFO: Login admin berhasil {"user_id":1}
[2025-09-28 08:59:17] INFO: Login berhasil {"user_id":2,"role":"pengurus"}
[2025-09-28 09:16:56] INFO: Login berhasil {"user_id":2,"role":"pengurus"}
[2025-09-28 21:00:12] INFO: Login admin berhasil {"user_id":1}
[2025-09-28 21:45:59] INFO: Login admin berhasil {"user_id":1}
[2025-09-29 21:25:18] INFO: Login admin berhasil {"user_id":1}
[2025-09-30 20:34:58] INFO: Login admin berhasil {"user_id":1}
[2025-09-30 20:36:00] INFO: Pesan kontak masuk {"email":"ringkoaja@gmail.com"}
[2025-09-30 20:49:23] INFO: Login admin berhasil {"user_id":1}
[2025-09-30 21:03:21] INFO: Login admin berhasil {"user_id":1}
[2025-09-30 21:05:04] INFO: Login admin berhasil {"user_id":1}
[2025-09-30 22:12:41] INFO: Login berhasil {"user_id":2,"role":"pengurus"}
[2025-10-01 19:17:31] INFO: Login admin berhasil {"user_id":1}
[2025-10-01 20:52:34] WARNING: Login gagal {"identifier":"Ketua","route":"anggota_login","ip":"::1"}
